<?xml version="1.0" encoding="UTF-8"?>
<testsuite name="com.codebuff.intellij.EditorActionsTest" tests="8" skipped="0" failures="0" errors="0" timestamp="2026-01-24T10:23:20" hostname="8b8d21cc78d4" time="0.012">
  <properties/>
  <testcase name="SendSelectionAction class exists()" classname="com.codebuff.intellij.EditorActionsTest" time="0.0"/>
  <testcase name="OpenToolWindow action has keyboard shortcut()" classname="com.codebuff.intellij.EditorActionsTest" time="0.0"/>
  <testcase name="OpenToolWindowAction extends AnAction()" classname="com.codebuff.intellij.EditorActionsTest" time="0.001"/>
  <testcase name="SendSelectionAction extends AnAction()" classname="com.codebuff.intellij.EditorActionsTest" time="0.001"/>
  <testcase name="plugin xml declares OpenToolWindow action()" classname="com.codebuff.intellij.EditorActionsTest" time="0.001"/>
  <testcase name="plugin xml declares SendSelection action()" classname="com.codebuff.intellij.EditorActionsTest" time="0.0"/>
  <testcase name="SendSelection action is added to EditorPopupMenu()" classname="com.codebuff.intellij.EditorActionsTest" time="0.001"/>
  <testcase name="OpenToolWindowAction class exists()" classname="com.codebuff.intellij.EditorActionsTest" time="0.001"/>
  <system-out><![CDATA[]]></system-out>
  <system-err><![CDATA[]]></system-err>
</testsuite>
