<?xml version="1.0" encoding="UTF-8"?>
<testsuite name="com.codebuff.intellij.CodebuffToolWindowFactoryTest" tests="3" skipped="0" failures="0" errors="0" timestamp="2026-01-24T10:15:11" hostname="427d3a42d016" time="0.002">
  <properties/>
  <testcase name="tool window extension is declared in plugin xml()" classname="com.codebuff.intellij.CodebuffToolWindowFactoryTest" time="0.0"/>
  <testcase name="tool window uses CodebuffToolWindowFactory()" classname="com.codebuff.intellij.CodebuffToolWindowFactoryTest" time="0.0"/>
  <testcase name="tool window is anchored to the right()" classname="com.codebuff.intellij.CodebuffToolWindowFactoryTest" time="0.0"/>
  <system-out><![CDATA[]]></system-out>
  <system-err><![CDATA[]]></system-err>
</testsuite>
