<?xml version="1.0" encoding="UTF-8"?>
<testsuite name="com.codebuff.intellij.ServiceLayerTest" tests="6" skipped="0" failures="0" errors="0" timestamp="2026-01-24T10:34:18" hostname="2aaf5bf454bb" time="0.002">
  <properties/>
  <testcase name="CodebuffProjectService class exists()" classname="com.codebuff.intellij.ServiceLayerTest" time="0.0"/>
  <testcase name="BackendClient interface exists()" classname="com.codebuff.intellij.ServiceLayerTest" time="0.0"/>
  <testcase name="plugin xml declares SessionManager service()" classname="com.codebuff.intellij.ServiceLayerTest" time="0.0"/>
  <testcase name="BackendClient interface defines required methods()" classname="com.codebuff.intellij.ServiceLayerTest" time="0.001"/>
  <testcase name="plugin xml declares CodebuffProjectService()" classname="com.codebuff.intellij.ServiceLayerTest" time="0.0"/>
  <testcase name="SessionManager class exists()" classname="com.codebuff.intellij.ServiceLayerTest" time="0.0"/>
  <system-out><![CDATA[]]></system-out>
  <system-err><![CDATA[]]></system-err>
</testsuite>
